<?xml version="1.0" encoding="UTF-8"?>
<!-- Generated by org.testng.reporters.JUnitXMLReporter -->
<testsuite ignored="0" hostname="DESKTOP-GF3Q3MM" failures="0" tests="3" name="Default test" time="14.748" errors="0" timestamp="2022-07-25T21:23:44 GMT-02:00">
  <testcase classname="Pruebas.Laboratorio8" name="login" time="5.479"/>
  <testcase classname="Pruebas.Laboratorio8" name="login" time="4.74"/>
  <testcase classname="Pruebas.Laboratorio8" name="login" time="4.454"/>
</testsuite> <!-- Default test -->
