<?xml version="1.0" encoding="UTF-8"?>
<testng-results ignored="0" total="3" passed="3" failed="0" skipped="0">
  <reporter-output>
  </reporter-output>
  <suite started-at="2022-07-25T21:23:30 GMT-02:00" name="Default suite" finished-at="2022-07-25T21:23:44 GMT-02:00" duration-ms="14748">
    <groups>
    </groups>
    <test started-at="2022-07-25T21:23:30 GMT-02:00" name="Default test" finished-at="2022-07-25T21:23:44 GMT-02:00" duration-ms="14748">
      <class name="Pruebas.Laboratorio8">
        <test-method is-config="true" signature="abrirPagina()[pri:0, instance:Pruebas.Laboratorio8@6e9a5ed8]" started-at="2022-07-25T21:23:16 GMT-02:00" name="abrirPagina" finished-at="2022-07-25T21:23:30 GMT-02:00" duration-ms="13518" status="PASS">
          <reporter-output>
          </reporter-output>
        </test-method> <!-- abrirPagina -->
        <test-method signature="login(java.lang.String,java.lang.String)[pri:0, instance:Pruebas.Laboratorio8@6e9a5ed8]" started-at="2022-07-25T21:23:30 GMT-02:00" name="login" data-provider="Datos Login" finished-at="2022-07-25T21:23:35 GMT-02:00" duration-ms="5479" status="PASS">
          <params>
            <param index="0">
              <value>
                <![CDATA[abc@gmail.com]]>
              </value>
            </param>
            <param index="1">
              <value>
                <![CDATA[12we32e]]>
              </value>
            </param>
          </params>
          <reporter-output>
          </reporter-output>
        </test-method> <!-- login -->
        <test-method signature="login(java.lang.String,java.lang.String)[pri:0, instance:Pruebas.Laboratorio8@6e9a5ed8]" started-at="2022-07-25T21:23:35 GMT-02:00" name="login" data-provider="Datos Login" finished-at="2022-07-25T21:23:40 GMT-02:00" duration-ms="4740" status="PASS">
          <params>
            <param index="0">
              <value>
                <![CDATA[def@gmail.com]]>
              </value>
            </param>
            <param index="1">
              <value>
                <![CDATA[r3r3wrq3]]>
              </value>
            </param>
          </params>
          <reporter-output>
          </reporter-output>
        </test-method> <!-- login -->
        <test-method signature="login(java.lang.String,java.lang.String)[pri:0, instance:Pruebas.Laboratorio8@6e9a5ed8]" started-at="2022-07-25T21:23:40 GMT-02:00" name="login" data-provider="Datos Login" finished-at="2022-07-25T21:23:44 GMT-02:00" duration-ms="4454" status="PASS">
          <params>
            <param index="0">
              <value>
                <![CDATA[ghi@gmail.com]]>
              </value>
            </param>
            <param index="1">
              <value>
                <![CDATA[r43r43w]]>
              </value>
            </param>
          </params>
          <reporter-output>
          </reporter-output>
        </test-method> <!-- login -->
      </class> <!-- Pruebas.Laboratorio8 -->
    </test> <!-- Default test -->
  </suite> <!-- Default suite -->
</testng-results>
